[2024-07-11T14:48:34.956+0700] {local_task_job_runner.py:120} INFO - ::group::Pre task execution logs
[2024-07-11T14:48:35.316+0700] {taskinstance.py:2076} INFO - Dependencies all met for dep_context=non-requeueable deps ti=<TaskInstance: airflow_dag.hello_task manual__2024-07-11T07:47:10.660801+00:00 [queued]>
[2024-07-11T14:48:35.346+0700] {taskinstance.py:2076} INFO - Dependencies all met for dep_context=requeueable deps ti=<TaskInstance: airflow_dag.hello_task manual__2024-07-11T07:47:10.660801+00:00 [queued]>
[2024-07-11T14:48:35.351+0700] {taskinstance.py:2306} INFO - Starting attempt 1 of 1
[2024-07-11T14:48:35.435+0700] {taskinstance.py:2330} INFO - Executing <Task(BashOperator): hello_task> on 2024-07-11 07:47:10.660801+00:00
[2024-07-11T14:48:35.443+0700] {standard_task_runner.py:63} INFO - Started process 29425 to run task
[2024-07-11T14:48:35.448+0700] {standard_task_runner.py:90} INFO - Running: ['airflow', 'tasks', 'run', 'airflow_dag', 'hello_task', 'manual__2024-07-11T07:47:10.660801+00:00', '--job-id', '7', '--raw', '--subdir', 'DAGS_FOLDER/basic_dag.py', '--cfg-path', '/tmp/tmpksi9a3gl']
[2024-07-11T14:48:35.455+0700] {standard_task_runner.py:91} INFO - Job 7: Subtask hello_task
[2024-07-11T14:48:35.695+0700] {task_command.py:426} INFO - Running <TaskInstance: airflow_dag.hello_task manual__2024-07-11T07:47:10.660801+00:00 [running]> on host LWIN-ID-OCT22-0115.
[2024-07-11T14:48:36.044+0700] {taskinstance.py:2648} INFO - Exporting env vars: AIRFLOW_CTX_DAG_OWNER='lk' AIRFLOW_CTX_DAG_ID='airflow_dag' AIRFLOW_CTX_TASK_ID='hello_task' AIRFLOW_CTX_EXECUTION_DATE='2024-07-11T07:47:10.660801+00:00' AIRFLOW_CTX_TRY_NUMBER='1' AIRFLOW_CTX_DAG_RUN_ID='manual__2024-07-11T07:47:10.660801+00:00'
[2024-07-11T14:48:36.049+0700] {taskinstance.py:430} INFO - ::endgroup::
[2024-07-11T14:48:36.055+0700] {subprocess.py:63} INFO - Tmp dir root location: /tmp
[2024-07-11T14:48:36.059+0700] {subprocess.py:75} INFO - Running command: ['/usr/bin/bash', '-c', 'echo "Hello World Dag!"']
[2024-07-11T14:48:36.074+0700] {subprocess.py:86} INFO - Output:
[2024-07-11T14:48:36.078+0700] {subprocess.py:93} INFO - Hello World Dag!
[2024-07-11T14:48:36.081+0700] {subprocess.py:97} INFO - Command exited with return code 0
[2024-07-11T14:48:36.085+0700] {taskinstance.py:441} INFO - ::group::Post task execution logs
[2024-07-11T14:48:36.194+0700] {taskinstance.py:1206} INFO - Marking task as SUCCESS. dag_id=airflow_dag, task_id=hello_task, run_id=manual__2024-07-11T07:47:10.660801+00:00, execution_date=20240711T074710, start_date=20240711T074835, end_date=20240711T074836
[2024-07-11T14:48:36.310+0700] {local_task_job_runner.py:240} INFO - Task exited with return code 0
[2024-07-11T14:48:36.365+0700] {taskinstance.py:3503} INFO - 0 downstream tasks scheduled from follow-on schedule check
[2024-07-11T14:48:36.373+0700] {local_task_job_runner.py:222} INFO - ::endgroup::
