[2024-07-12T00:00:39.695+0700] {local_task_job_runner.py:120} INFO - ::group::Pre task execution logs
[2024-07-12T00:00:39.711+0700] {taskinstance.py:2076} INFO - Dependencies all met for dep_context=non-requeueable deps ti=<TaskInstance: update_allogistic_dag.execute_ipynb scheduled__2024-07-11T16:00:00+00:00 [queued]>
[2024-07-12T00:00:39.724+0700] {taskinstance.py:2076} INFO - Dependencies all met for dep_context=requeueable deps ti=<TaskInstance: update_allogistic_dag.execute_ipynb scheduled__2024-07-11T16:00:00+00:00 [queued]>
[2024-07-12T00:00:39.725+0700] {taskinstance.py:2306} INFO - Starting attempt 1 of 6
[2024-07-12T00:00:39.765+0700] {taskinstance.py:2330} INFO - Executing <Task(PapermillOperator): execute_ipynb> on 2024-07-11 16:00:00+00:00
[2024-07-12T00:00:39.769+0700] {standard_task_runner.py:63} INFO - Started process 276055 to run task
[2024-07-12T00:00:39.772+0700] {standard_task_runner.py:90} INFO - Running: ['airflow', 'tasks', 'run', 'update_allogistic_dag', 'execute_ipynb', 'scheduled__2024-07-11T16:00:00+00:00', '--job-id', '22', '--raw', '--subdir', 'DAGS_FOLDER/run_notebook.py', '--cfg-path', '/tmp/tmpqign_cbr']
[2024-07-12T00:00:39.774+0700] {standard_task_runner.py:91} INFO - Job 22: Subtask execute_ipynb
[2024-07-12T00:00:39.913+0700] {task_command.py:426} INFO - Running <TaskInstance: update_allogistic_dag.execute_ipynb scheduled__2024-07-11T16:00:00+00:00 [running]> on host LWIN-ID-OCT22-0115.
[2024-07-12T00:00:40.013+0700] {logging_mixin.py:188} WARNING - /mnt/c/Users/Erland/Documents/GitHub/airflow/py_env/lib/python3.10/site-packages/airflow/utils/context.py:212 AirflowContextDeprecationWarning: Accessing 'execution_date' from the template is deprecated and will be removed in a future version. Please use 'data_interval_start' or 'logical_date' instead.
[2024-07-12T00:00:40.123+0700] {taskinstance.py:2648} INFO - Exporting env vars: AIRFLOW_CTX_DAG_OWNER='airflow' AIRFLOW_CTX_DAG_ID='update_allogistic_dag' AIRFLOW_CTX_TASK_ID='execute_ipynb' AIRFLOW_CTX_EXECUTION_DATE='2024-07-11T16:00:00+00:00' AIRFLOW_CTX_TRY_NUMBER='1' AIRFLOW_CTX_DAG_RUN_ID='scheduled__2024-07-11T16:00:00+00:00'
[2024-07-12T00:00:40.129+0700] {taskinstance.py:430} INFO - ::endgroup::
[2024-07-12T00:00:40.133+0700] {execute.py:83} INFO - Input Notebook:  /mnt/c/Users/Erland/Documents/GitHub/airflow/dags/allogisticompiler.ipynb
[2024-07-12T00:00:40.136+0700] {execute.py:84} INFO - Output Notebook: /mnt/c/Users/Erland/Documents/GitHub/airflow/dags/out-allogisticompiler.ipynb
[2024-07-12T00:00:40.184+0700] {execute.py:97} WARNING - Passed unknown parameter: execution_date
[2024-07-12T00:00:40.724+0700] {parameterize.py:114} WARNING - Input notebook does not contain a cell with tag 'parameters'
[2024-07-12T00:00:50.633+0700] {clientwrap.py:44} INFO - Executing notebook with kernel: python3
[2024-07-12T00:03:34.503+0700] {taskinstance.py:441} INFO - ::group::Post task execution logs
[2024-07-12T00:03:34.592+0700] {taskinstance.py:1206} INFO - Marking task as SUCCESS. dag_id=update_allogistic_dag, task_id=execute_ipynb, run_id=scheduled__2024-07-11T16:00:00+00:00, execution_date=20240711T160000, start_date=20240711T170039, end_date=20240711T170334
[2024-07-12T00:03:34.664+0700] {local_task_job_runner.py:240} INFO - Task exited with return code 0
[2024-07-12T00:03:34.691+0700] {taskinstance.py:3503} INFO - 0 downstream tasks scheduled from follow-on schedule check
[2024-07-12T00:03:34.694+0700] {local_task_job_runner.py:222} INFO - ::endgroup::
