[2024-07-11T22:57:42.628+0700] {local_task_job_runner.py:120} INFO - ::group::Pre task execution logs
[2024-07-11T22:57:42.649+0700] {taskinstance.py:2076} INFO - Dependencies all met for dep_context=non-requeueable deps ti=<TaskInstance: example_papermill_operator.run_example_notebook manual__2024-07-11T15:56:54.215544+00:00 [queued]>
[2024-07-11T22:57:42.662+0700] {taskinstance.py:2076} INFO - Dependencies all met for dep_context=requeueable deps ti=<TaskInstance: example_papermill_operator.run_example_notebook manual__2024-07-11T15:56:54.215544+00:00 [queued]>
[2024-07-11T22:57:42.664+0700] {taskinstance.py:2306} INFO - Starting attempt 1 of 1
[2024-07-11T22:57:42.703+0700] {taskinstance.py:2330} INFO - Executing <Task(PapermillOperator): run_example_notebook> on 2024-07-11 15:56:54.215544+00:00
[2024-07-11T22:57:42.707+0700] {standard_task_runner.py:63} INFO - Started process 247619 to run task
[2024-07-11T22:57:42.710+0700] {standard_task_runner.py:90} INFO - Running: ['airflow', 'tasks', 'run', 'example_papermill_operator', 'run_example_notebook', 'manual__2024-07-11T15:56:54.215544+00:00', '--job-id', '18', '--raw', '--subdir', 'DAGS_FOLDER/run_notebook.py', '--cfg-path', '/tmp/tmp5yb9z1w9']
[2024-07-11T22:57:42.712+0700] {standard_task_runner.py:91} INFO - Job 18: Subtask run_example_notebook
[2024-07-11T22:57:42.848+0700] {task_command.py:426} INFO - Running <TaskInstance: example_papermill_operator.run_example_notebook manual__2024-07-11T15:56:54.215544+00:00 [running]> on host LWIN-ID-OCT22-0115.
[2024-07-11T22:57:42.978+0700] {logging_mixin.py:188} WARNING - /mnt/c/Users/Erland/Documents/GitHub/airflow/py_env/lib/python3.10/site-packages/airflow/utils/context.py:212 AirflowContextDeprecationWarning: Accessing 'execution_date' from the template is deprecated and will be removed in a future version. Please use 'data_interval_start' or 'logical_date' instead.
[2024-07-11T22:57:43.061+0700] {taskinstance.py:2648} INFO - Exporting env vars: AIRFLOW_CTX_DAG_OWNER='airflow' AIRFLOW_CTX_DAG_ID='example_papermill_operator' AIRFLOW_CTX_TASK_ID='run_example_notebook' AIRFLOW_CTX_EXECUTION_DATE='2024-07-11T15:56:54.215544+00:00' AIRFLOW_CTX_TRY_NUMBER='1' AIRFLOW_CTX_DAG_RUN_ID='manual__2024-07-11T15:56:54.215544+00:00'
[2024-07-11T22:57:43.065+0700] {taskinstance.py:430} INFO - ::endgroup::
[2024-07-11T22:57:43.068+0700] {execute.py:83} INFO - Input Notebook:  /mnt/c/Users/Erland/Documents/GitHub/airflow/dags/test.ipynb
[2024-07-11T22:57:43.070+0700] {execute.py:84} INFO - Output Notebook: /mnt/c/Users/Erland/Documents/GitHub/airflow/dags/out-2024-07-11 15:56:54.215544+00:00.ipynb
[2024-07-11T22:57:43.118+0700] {execute.py:97} WARNING - Passed unknown parameter: execution_date
[2024-07-11T22:57:44.748+0700] {parameterize.py:114} WARNING - Input notebook does not contain a cell with tag 'parameters'
[2024-07-11T22:58:04.694+0700] {clientwrap.py:44} INFO - Executing notebook with kernel: python3
[2024-07-11T22:58:05.020+0700] {taskinstance.py:441} INFO - ::group::Post task execution logs
[2024-07-11T22:58:05.159+0700] {taskinstance.py:1206} INFO - Marking task as SUCCESS. dag_id=example_papermill_operator, task_id=run_example_notebook, run_id=manual__2024-07-11T15:56:54.215544+00:00, execution_date=20240711T155654, start_date=20240711T155742, end_date=20240711T155805
[2024-07-11T22:58:05.281+0700] {local_task_job_runner.py:240} INFO - Task exited with return code 0
[2024-07-11T22:58:05.314+0700] {taskinstance.py:3503} INFO - 0 downstream tasks scheduled from follow-on schedule check
[2024-07-11T22:58:05.320+0700] {local_task_job_runner.py:222} INFO - ::endgroup::
